<?xml version="1.0" encoding="UTF-8"?>
<testsuite name="mx.edu.cetys.software_quality_lab.users.UserServiceTest" tests="1" skipped="0" failures="1" errors="0" timestamp="2026-04-29T04:52:23.968Z" hostname="KAMICHIPS" time="3.072">
  <properties/>
  <testcase name="shouldRegisterUserSuccessfully()" classname="mx.edu.cetys.software_quality_lab.users.UserServiceTest" time="3.027">
    <failure message="org.mockito.exceptions.misusing.UnnecessaryStubbingException: &#10;Unnecessary stubbings detected.&#10;Clean &amp; maintainable test code requires zero unnecessary code.&#10;Following stubbings are unnecessary (click to navigate to relevant line of code):&#10;  1. -&gt; at mx.edu.cetys.software_quality_lab.users.UserServiceTest.shouldRegisterUserSuccessfully(UserServiceTest.java:43)&#10;  2. -&gt; at mx.edu.cetys.software_quality_lab.users.UserServiceTest.shouldRegisterUserSuccessfully(UserServiceTest.java:45)&#10;  3. -&gt; at mx.edu.cetys.software_quality_lab.users.UserServiceTest.shouldRegisterUserSuccessfully(UserServiceTest.java:47)&#10;Please remove unnecessary stubbings or use 'lenient' strictness. More info: javadoc for UnnecessaryStubbingException class." type="org.mockito.exceptions.misusing.UnnecessaryStubbingException">org.mockito.exceptions.misusing.UnnecessaryStubbingException: 
Unnecessary stubbings detected.
Clean &amp; maintainable test code requires zero unnecessary code.
Following stubbings are unnecessary (click to navigate to relevant line of code):
  1. -&gt; at mx.edu.cetys.software_quality_lab.users.UserServiceTest.shouldRegisterUserSuccessfully(UserServiceTest.java:43)
  2. -&gt; at mx.edu.cetys.software_quality_lab.users.UserServiceTest.shouldRegisterUserSuccessfully(UserServiceTest.java:45)
  3. -&gt; at mx.edu.cetys.software_quality_lab.users.UserServiceTest.shouldRegisterUserSuccessfully(UserServiceTest.java:47)
Please remove unnecessary stubbings or use 'lenient' strictness. More info: javadoc for UnnecessaryStubbingException class.
	at org.mockito.junit.jupiter.MockitoExtension.lambda$afterEach$2(MockitoExtension.java:200)
	at java.base/java.util.Optional.ifPresent(Optional.java:178)
	at org.mockito.junit.jupiter.MockitoExtension.afterEach(MockitoExtension.java:198)
	at java.base/java.util.ArrayList.forEach(ArrayList.java:1604)
	at java.base/java.util.ArrayList.forEach(ArrayList.java:1604)
</failure>
  </testcase>
  <system-out><![CDATA[]]></system-out>
  <system-err><![CDATA[Mockito is currently self-attaching to enable the inline-mock-maker. This will no longer work in future releases of the JDK. Please add Mockito as an agent to your build as described in Mockito's documentation: https://javadoc.io/doc/org.mockito/mockito-core/latest/org.mockito/org/mockito/Mockito.html#0.3
WARNING: A Java agent has been loaded dynamically (C:\Users\chimo\.gradle\caches\modules-2\files-2.1\net.bytebuddy\byte-buddy-agent\1.17.8\f09415827a71be7ed621c7bd02550678f28bc81c\byte-buddy-agent-1.17.8.jar)
WARNING: If a serviceability tool is in use, please run with -XX:+EnableDynamicAgentLoading to hide this warning
WARNING: If a serviceability tool is not in use, please run with -Djdk.instrument.traceUsage for more information
WARNING: Dynamic loading of agents will be disallowed by default in a future release
]]></system-err>
</testsuite>
